Start testing: Aug 03 03:06 IST
----------------------------------------------------------
3/7 Testing: integration_test
3/7 Test: integration_test
Command: "/Users/jaswanth/Desktop/miniDB/build/integration_test"
Directory: /Users/jaswanth/Desktop/miniDB/build
"integration_test" start time: Aug 03 03:06 IST
Output:
----------------------------------------------------------

[Phase A] Creating table and inserting 1200 rows...
[Phase A] Done. Root page id = 1

[Phase B - First Scan] Scanning table (root page = 1)...
  row    1  id=    0  name=Alice Smith_0  gpa=200
  row  101  id=  100  name=Katherine Davis_100  gpa=300
  row  201  id=  200  name=Frank White_200  gpa=400
  row  301  id=  300  name=Alice Miller_300  gpa=299
  row  401  id=  400  name=Katherine Thomas_400  gpa=399
  row  501  id=  500  name=Frank Brown_500  gpa=298
  row  601  id=  600  name=Alice Anderson_600  gpa=398
  row  701  id=  700  name=Katherine Johnson_700  gpa=297
  row  801  id=  800  name=Frank Moore_800  gpa=397
  row  901  id=  900  name=Alice Smith_900  gpa=296
  row 1001  id= 1000  name=Katherine Davis_1000  gpa=396
  row 1101  id= 1100  name=Frank White_1100  gpa=295
[Phase B - First Scan] Total rows scanned: 1200

[Phase C - Restart Scan] Scanning table (root page = 1)...
  row    1  id=    0  name=Alice Smith_0  gpa=200
  row  101  id=  100  name=Katherine Davis_100  gpa=300
  row  201  id=  200  name=Frank White_200  gpa=400
  row  301  id=  300  name=Alice Miller_300  gpa=299
  row  401  id=  400  name=Katherine Thomas_400  gpa=399
  row  501  id=  500  name=Frank Brown_500  gpa=298
  row  601  id=  600  name=Alice Anderson_600  gpa=398
  row  701  id=  700  name=Katherine Johnson_700  gpa=297
  row  801  id=  800  name=Frank Moore_800  gpa=397
  row  901  id=  900  name=Alice Smith_900  gpa=296
  row 1001  id= 1000  name=Katherine Davis_1000  gpa=396
  row 1101  id= 1100  name=Frank White_1100  gpa=295
[Phase C - Restart Scan] Total rows scanned: 1200

=== Results ===
Rows inserted : 1200
First scan    : 1200
Restart scan  : 1200

✅  ALL CHECKS PASSED — Phase 1 integration test complete!
<end of output>
Test time =   0.33 sec
----------------------------------------------------------
Test Passed.
"integration_test" end time: Aug 03 03:06 IST
"integration_test" time elapsed: 00:00:00
----------------------------------------------------------

5/7 Testing: catalog_test
5/7 Test: catalog_test
Command: "/Users/jaswanth/Desktop/miniDB/build/catalog_test"
Directory: /Users/jaswanth/Desktop/miniDB/build
"catalog_test" start time: Aug 03 03:06 IST
Output:
----------------------------------------------------------
[PASS] Test 1
[PASS] Test 2
[PASS] Test 3
[PASS] Test 4
[PASS] Test 5
[PASS] Test 6
<end of output>
Test time =   0.40 sec
----------------------------------------------------------
Test Passed.
"catalog_test" end time: Aug 03 03:06 IST
"catalog_test" time elapsed: 00:00:00
----------------------------------------------------------

6/7 Testing: lexer_test
6/7 Test: lexer_test
Command: "/Users/jaswanth/Desktop/miniDB/build/lexer_test"
Directory: /Users/jaswanth/Desktop/miniDB/build
"lexer_test" start time: Aug 03 03:06 IST
Output:
----------------------------------------------------------
SELECT
name
FROM
students
WHERE
age
>
=
18
;
<end of output>
Test time =   0.24 sec
----------------------------------------------------------
Test Passed.
"lexer_test" end time: Aug 03 03:06 IST
"lexer_test" time elapsed: 00:00:00
----------------------------------------------------------

End testing: Aug 03 03:06 IST
